     1                                  ; TAHA TAS
     2                                  ; Matrix Management - Program 6
     3                                  ; 11/1/2022
     4                                  ; Adds the rows and columns and puts it in respective slot in array
     5                                  
     6                                  SECTION .data
     7                                  ; define data/variables here.  Think DB, DW, DD, DQ
     8                                  ROWS: EQU 5
     9                                  COLS: EQU 7
    10 00000000 010002000300040005-     MyMatrix: dw 	1,  2,  3,  4,  5,  6,  7
    11 00000009 0006000700         
    12 0000000E 080009000A000B000C-     	  dw 	8,  9, 10, 11, 12, 13, 14
    13 00000017 000D000E00         
    14 0000001C 0F0010001100120013-     	  dw 	15, 16, 17, 18, 19, 20, 21
    15 00000025 0014001500         
    16 0000002A 16001700180019001A-     	  dw 	22, 23, 24, 25, 26, 27, 28
    17 00000033 001B001C00         
    18 00000038 1D001E001F00200021-     	  dw	29, 30, 31, 32, 33, 34, 35
    19 00000041 0022002300         
    20                                  
    21                                  SECTION .bss
    22                                  ; define uninitialized data here
    23 00000000 <res 0000000A>          RowSums:  RESW ROWS
    24 0000000A <res 0000000E>          ColSums:  RESW COLS
    25 00000018 <res 00000002>          Sum:      RESW 1
    26                                  
    27                                  SECTION .text
    28                                  global _main
    29                                  _main:
    30                                  
    31                                  ; put your code here.
    32                                  
    33 00000000 66B80000                mov ax, 0
    34 00000004 BB00000000              mov ebx, 0
    35 00000009 B900000000              mov ecx, 0
    36 0000000E BA00000000              mov edx, 0
    37                                  
    38                                  rowl:
    39                                    
    40                                    cowl:
    41 00000013 89D1                        mov ecx, edx
    42 00000015 6BC90E                      imul ecx, COLS*2
    43                                  
    44 00000018 668B8459[00000000]          mov ax, [MyMatrix + ebx*2+ecx]
    45                                  
    46 00000020 6601841B[0A000000]          add [ColSums + ebx*2], ax
    47 00000028 66018412[00000000]          add [RowSums + edx*2], ax
    48 00000030 660105[18000000]            add WORD[Sum], ax
    49                                  
    50 00000037 43                          inc ebx
    51                                      
    52                                      b1:
    53                                  
    54 00000038 83FB07                      cmp ebx, COLS
    55 0000003B 7402                        je endc
    56 0000003D EBD4                        jmp cowl
    57                                      
    58                                    endc:
    59                                  
    60 0000003F 31DB                      xor ebx, ebx
    61                                  
    62 00000041 42                        inc edx
    63 00000042 41                        inc ecx
    64                                    
    65                                    b2:
    66                                  
    67 00000043 83FA05                    cmp edx, ROWS
    68 00000046 7402                      je endr
    69 00000048 EBC9                      jmp rowl
    70                                  
    71                                  endr:
    72                                  
    73                                  lastBreak:
    74                                  ; Normal termination code
    75 0000004A B801000000              mov eax, 1
    76 0000004F BB00000000              mov ebx, 0
    77 00000054 CD80                    int 80h
