     1                                  ; TAHA TAS
     2                                  ; PROGRAM 2: ADDING INTEGERS
     3                                  ; 9/28/2022
     4                                  
     5                                  SECTION .data
     6                                  ; vars here
     7                                  
     8                                  
     9                                  SECTION .bss
    10                                  ;define uninitialized data
    11                                  
    12                                  SECTION .text
    13                                  global _main
    14                                  _main:
    15                                  
    16                                  ;code here
    17 00000000 66B84602                mov AX, 0246h
    18 00000004 66BBABDC                mov BX, 0DCABh
    19 00000008 6601D8                  add AX, BX
    20                                  
    21 0000000B 66B8CDAB                mov AX, 0ABCDh
    22 0000000F 66BBBADC                mov BX, 0DCBAh
    23 00000013 6601D8                  add AX, BX
    24                                  
    25 00000016 66B80100                mov AX, 0001h
    26 0000001A 66BBF0F0                mov BX, 0F0F0h
    27 0000001E 6601D8                  add AX, BX
    28                                  
    29 00000021 66B86824                mov AX, 2468h
    30 00000025 66BB6824                mov BX, 2468h
    31 00000029 6601D8                  add AX, BX
    32                                  
    33 0000002C 66B8FF7F                mov AX, 7FFFh
    34 00000030 66BB0100                mov BX, 0001h
    35 00000034 6601D8                  add AX, BX
    36                                  
    37 00000037 66B8CDAB                mov AX, 0ABCDh
    38 0000003B 66BBDCFE                mov BX, 0FEDCh
    39 0000003F 6601D8                  add AX, BX
    40                                  
    41 00000042 66B80B0B                mov AX, 0B0Bh
    42 00000046 66BB1EA1                mov BX, 0A11Eh
    43 0000004A 6601D8                  add AX, BX
    44                                  
    45 0000004D 66B8FF7F                mov AX, 7FFFh
    46 00000051 66BBFF7F                mov BX, 7FFFh
    47 00000055 6601D8                  add AX, BX
    48                                  
    49 00000058 66B80080                mov AX, 8000h
    50 0000005C 66BB0080                mov BX, 8000h
    51 00000060 6601D8                  add AX, BX
    52                                  
    53                                  ;termination code
    54 00000063 B801000000              mov eax, 1
    55 00000068 BB00000000              mov ebx, 0
    56 0000006D CD80                    int 80h
