     1                                  ; Bob Allen
     2                                  ; Demo of conditionals to determine maxint
     3                                  ; Fall 2022
     4                                  ; Just another day of fun in CSC 322
     5                                  
     6                                  SECTION .data
     7                                  ; define data/variables here.  Think DB, DW, DD, DQ
     8                                  
     9                                  SECTION .bss
    10                                  ; define uninitialized data here
    11 00000000 <res 00000001>          maxDB: RESB 1
    12 00000001 <res 00000002>          maxDW: RESW 1
    13 00000003 <res 00000004>          maxDD: RESD 1
    14                                  
    15                                  SECTION .text
    16                                  global _main
    17                                  _main:
    18                                  
    19                                  ; use AL to hold the unsigned int, 
    20                                  ; start it out at 0
    21 00000000 B000                    	mov AL,0
    22                                  
    23                                  ; Repeat adding AL to AL until there is a carry (unsigned int didn't fit)
    24                                  topDB:
    25 00000002 88C3                    	mov BL,AL   ; save a copy of the int
    26 00000004 0401                    	add AL,1    ; increment the int
    27 00000006 73FA                    	jnc topDB   ; if there was not a carry, keep looping
    28                                  	            ; otherwise BL has the max unsigned in	
    29 00000008 881D[00000000]          	mov [maxDB],BL
    30                                  
    31                                  ; use AX to hold the unsigned int, 
    32                                  ; start it out at 0
    33 0000000E 66B80000                	mov AX,0
    34                                  topDW:
    35 00000012 6689C3                  	mov BX,AX   ; save a copy of the int
    36 00000015 6683C001                	add AX,1    ; increment the int
    37 00000019 73F7                    	jnc topDW   ; if there was not a carry, keep looping
    38                                  	            ; otherwise BL has the max unsigned in	
    39 0000001B 66891D[01000000]        	mov [maxDW],BX
    40                                  
    41                                  ; use EAX to hold the unsigned int, 
    42                                  ; start it out at 0
    43                                  topDD:
    44 00000022 89C3                    	mov EBX,EAX   ; save a copy of the int
    45 00000024 83C001                  	add EAX,1     ; increment the int
    46 00000027 73F9                    	jnc topDD   ; if there was not a carry, keep looping
    47                                  	            ; otherwise BL has the max unsigned in	
    48 00000029 891D[03000000]          	mov [maxDD],EBX
    49                                  
    50                                  lastBreak:
    51                                  
    52                                  
    53                                  ; Normal termination code
    54 0000002F B801000000              mov eax, 1
    55 00000034 BB00000000              mov ebx, 0
    56 00000039 CD80                    int 80h
