     1                                  ; TAHA TAS
     2                                  ; Project 1: Data Storage
     3                                  ; 9.23.2022
     4                                  
     5                                  SECTION .data
     6                                  ; define data/variables here.  Think DB, DW, DD, DQ
     7 00000000 0B                      a1: db 11
     8 00000001 0300                    b1: dw 11b
     9 00000003 11000000                c1: dd 11h
    10 00000007 0900000000000000        d1: dq 11q
    11 0000000F FBFF                    e1: dw -5
    12 00000011 435343333232            f1: db 'CSC322'
    13 00000017 486F776479              g1: db 'Howdy'
    14 0000001C 486F77647900            h1: dw 'Howdy'
    15 00000022 010203                  i1: db 1,2,3
    16 00000025 0A0000000B0000000C-     j1: dd 10,11,12,14
    17 0000002E 0000000E000000     
    18                                  
    19 00000035 02000400060008000A-     a2: dw 2,4,6,8,10
    20 0000003E 00                 
    21 0000003F 0102030405              b2: db 1,2,3,4,5
    22 00000044 0A000000140000001E-     c2: dd 10,20,30,40
    23 0000004D 00000028000000     
    24 00000054 100000000000000011-     d2: dq 10h,11h,12h,13h
    25 0000005D 000000000000001200-
    26 00000066 000000000000130000-
    27 0000006F 0000000000         
    28                                  
    29 00000074 CEFF                    a3: dw -50
    30 00000076 D3                      b3: db -45
    31 00000077 E2FF                    c3: dw -30
    32 00000079 E7                      d3: db -25
    33 0000007A ECFF                    e3: dw -20
    34                                  
    35 0000007C 4265617273              a4: db 'Bears'
    36 00000081 64000000                b4: dd 100
    37 00000085 0000                    c4: dw 0
    38 00000087 476F20                  d4: db 'Go '
    39 0000008A 4D657263657221          e4: db 'Mercer!'
    40                                  
    41 00000091 64                      a5: db 100
    42 00000092 0001                    b5: dw 100h
    43 00000094 04000000                c5: dd 100b
    44 00000098 4000                    d5: dw 100q
    45 0000009A 64                      e5: db 100d
    46                                  
    47                                  SECTION .bss
    48                                  ; define uninitialized data here
    49                                  
    50                                  SECTION .text
    51                                  global _main
    52                                  _main:
    53                                  
    54                                  ; put your code here.
    55                                  
    56                                  
    57                                  
    58                                  ; Normal termination code
    59 00000000 B801000000              mov eax, 1
    60 00000005 BB00000000              mov ebx, 0
    61 0000000A CD80                    int 80h
